[debug] [2022-12-11T20:02:15.421Z] ----------------------------------------------------------------------
[debug] [2022-12-11T20:02:15.423Z] Command:       C:\Program Files\nodejs\node.exe C:\Program Files\nodejs\node_modules\firebase-tools\lib\bin\firebase.js init
[debug] [2022-12-11T20:02:15.423Z] CLI Version:   11.17.0
[debug] [2022-12-11T20:02:15.424Z] Platform:      win32
[debug] [2022-12-11T20:02:15.424Z] Node Version:  v16.13.0
[debug] [2022-12-11T20:02:15.425Z] Time:          Sun Dec 11 2022 17:02:15 GMT-0300 (hora estándar de Argentina)
[debug] [2022-12-11T20:02:15.425Z] ----------------------------------------------------------------------
[debug] 
[debug] [2022-12-11T20:02:15.435Z] > command requires scopes: ["email","openid","https://www.googleapis.com/auth/cloudplatformprojects.readonly","https://www.googleapis.com/auth/firebase","https://www.googleapis.com/auth/cloud-platform"]
[debug] [2022-12-11T20:02:15.435Z] > authorizing via signed-in user (fabiola.a.chazarreta@gmail.com)
[info] 
     ######## #### ########  ######## ########     ###     ######  ########
     ##        ##  ##     ## ##       ##     ##  ##   ##  ##       ##
     ######    ##  ########  ######   ########  #########  ######  ######
     ##        ##  ##    ##  ##       ##     ## ##     ##       ## ##
     ##       #### ##     ## ######## ########  ##     ##  ######  ########

You're about to initialize a Firebase project in this directory:

  C:\Users\fabic\Documents\FabiCode\pottery

[info] 
=== Project Setup
[info] 
[info] First, let's associate this project directory with a Firebase project.
[info] You can create multiple project aliases by running firebase use --add, 
[info] but for now we'll just set up a default project.
[info] 
[debug] [2022-12-11T20:02:44.997Z] >>> [apiv2][query] GET https://firebase.googleapis.com/v1beta1/projects pageSize=100
[debug] [2022-12-11T20:02:45.577Z] <<< [apiv2][status] GET https://firebase.googleapis.com/v1beta1/projects 200
[debug] [2022-12-11T20:02:45.577Z] <<< [apiv2][body] GET https://firebase.googleapis.com/v1beta1/projects [omitted]
[info] i  Using project peach-beta-96d72 (peach-beta) 
[info] 
=== Hosting Setup
[info] 
[info] Your public directory is the folder (relative to your project directory) that
[info] will contain Hosting assets to be uploaded with firebase deploy. If you
[info] have a build process for your assets, use your build's output directory.
[info] 
[debug] [2022-12-11T20:03:16.072Z] >>> [apiv2][query] GET https://www.gstatic.com/firebasejs/releases.json [none]
[debug] [2022-12-11T20:03:16.658Z] <<< [apiv2][status] GET https://www.gstatic.com/firebasejs/releases.json 200
[debug] [2022-12-11T20:03:16.658Z] <<< [apiv2][body] GET https://www.gstatic.com/firebasejs/releases.json {"current":{"version":"9.15.0","browserURL":"https://www.gstatic.com/firebasejs/9.15.0/firebase.js","packageURL":"https://www.gstatic.com/firebasejs/9.15.0/firebase.tgz"},"live":{"version":"9.15","browserURL":"https://www.gstatic.com/firebasejs/live/9.15/firebase.js","packageURL":"https://www.gstatic.com/firebasejs/live/9.15/firebase.tgz"},"components":{"analytics":"https://www.gstatic.com/firebasejs/9.15.0/firebase-analytics.js","app":"https://www.gstatic.com/firebasejs/9.15.0/firebase-app.js","app-check":"https://www.gstatic.com/firebasejs/9.15.0/firebase-app-check.js","auth":"https://www.gstatic.com/firebasejs/9.15.0/firebase-auth.js","auth/cordova":"https://www.gstatic.com/firebasejs/9.15.0/firebase-auth/cordova.js","auth/react-native":"https://www.gstatic.com/firebasejs/9.15.0/firebase-auth/react-native.js","functions":"https://www.gstatic.com/firebasejs/9.15.0/firebase-functions.js","firestore":"https://www.gstatic.com/firebasejs/9.15.0/firebase-firestore.js","firestore/lite":"https://www.gstatic.com/firebasejs/9.15.0/firebase-firestore/lite.js","installations":"https://www.gstatic.com/firebasejs/9.15.0/firebase-installations.js","storage":"https://www.gstatic.com/firebasejs/9.15.0/firebase-storage.js","performance":"https://www.gstatic.com/firebasejs/9.15.0/firebase-performance.js","remote-config":"https://www.gstatic.com/firebasejs/9.15.0/firebase-remote-config.js","messaging":"https://www.gstatic.com/firebasejs/9.15.0/firebase-messaging.js","messaging/sw":"https://www.gstatic.com/firebasejs/9.15.0/firebase-messaging/sw.js","database":"https://www.gstatic.com/firebasejs/9.15.0/firebase-database.js","firestore.memory":"https://www.gstatic.com/firebasejs/9.15.0/firebase-firestore.memory.js"}}
[info] +  Wrote y/index.html 
[info] 
[info] i  Detected a .git folder at C:\Users\fabic\Documents\FabiCode\pottery 
[info] i  Authorizing with GitHub to upload your service account to a GitHub repository's secrets store. 
[info] 
[info] Visit this URL on this device to log in:
[info] https://github.com/login/oauth/authorize?client_id=89cf50f02ac6aaed3484&state=445750069&redirect_uri=http%3A%2F%2Flocalhost%3A9005&scope=read%3Auser%20repo%20public_repo
[info] 
[info] Waiting for authentication...
[debug] [2022-12-11T20:03:28.505Z] >>> [apiv2][query] POST https://github.com/login/oauth/access_token [none]
[debug] [2022-12-11T20:03:28.505Z] >>> [apiv2][body] POST https://github.com/login/oauth/access_token [stream]
[debug] [2022-12-11T20:03:28.843Z] <<< [apiv2][status] POST https://github.com/login/oauth/access_token 200
[debug] [2022-12-11T20:03:28.844Z] <<< [apiv2][body] POST https://github.com/login/oauth/access_token {"access_token":"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","token_type":"bearer","scope":"read:user,repo"}
[debug] [2022-12-11T20:03:28.865Z] >>> [apiv2][query] GET https://api.github.com/user [none]
[debug] [2022-12-11T20:03:29.203Z] <<< [apiv2][status] GET https://api.github.com/user 200
[debug] [2022-12-11T20:03:29.203Z] <<< [apiv2][body] GET https://api.github.com/user {"login":"fabichazaa","id":62580952,"node_id":"MDQ6VXNlcjYyNTgwOTUy","avatar_url":"https://avatars.githubusercontent.com/u/62580952?v=4","gravatar_id":"","url":"https://api.github.com/users/fabichazaa","html_url":"https://github.com/fabichazaa","followers_url":"https://api.github.com/users/fabichazaa/followers","following_url":"https://api.github.com/users/fabichazaa/following{/other_user}","gists_url":"https://api.github.com/users/fabichazaa/gists{/gist_id}","starred_url":"https://api.github.com/users/fabichazaa/starred{/owner}{/repo}","subscriptions_url":"https://api.github.com/users/fabichazaa/subscriptions","organizations_url":"https://api.github.com/users/fabichazaa/orgs","repos_url":"https://api.github.com/users/fabichazaa/repos","events_url":"https://api.github.com/users/fabichazaa/events{/privacy}","received_events_url":"https://api.github.com/users/fabichazaa/received_events","type":"User","site_admin":false,"name":"Fabiola Chazarreta","company":null,"blog":"","location":"Pilar, Buenos Aires","email":null,"hireable":null,"bio":null,"twitter_username":null,"public_repos":5,"public_gists":0,"followers":0,"following":0,"created_at":"2020-03-24T02:18:58Z","updated_at":"2022-11-23T02:13:28Z","private_gists":0,"total_private_repos":1,"owned_private_repos":1,"disk_usage":482498,"collaborators":0,"two_factor_authentication":false,"plan":{"name":"free","space":976562499,"collaborators":0,"private_repos":10000}}
[info] 
[info] +  Success! Logged into GitHub as fabichazaa 
[info] 
[debug] [2022-12-11T20:03:37.824Z] >>> [apiv2][query] GET https://api.github.com/repos/y/actions/secrets/public-key type=owner
[debug] [2022-12-11T20:03:38.098Z] <<< [apiv2][status] GET https://api.github.com/repos/y/actions/secrets/public-key 404
[debug] [2022-12-11T20:03:38.098Z] <<< [apiv2][body] GET https://api.github.com/repos/y/actions/secrets/public-key {"message":"Not Found","documentation_url":"https://docs.github.com/rest"}
[debug] [2022-12-11T20:03:40.031Z] >>> [apiv2][query] GET https://api.github.com/repos/y/actions/secrets/public-key type=owner
[debug] [2022-12-11T20:03:40.303Z] <<< [apiv2][status] GET https://api.github.com/repos/y/actions/secrets/public-key 404
[debug] [2022-12-11T20:03:40.303Z] <<< [apiv2][body] GET https://api.github.com/repos/y/actions/secrets/public-key {"message":"Not Found","documentation_url":"https://docs.github.com/rest"}
[debug] [2022-12-11T20:03:45.160Z] >>> [apiv2][query] GET https://api.github.com/repos//actions/secrets/public-key type=owner
[debug] [2022-12-11T20:03:45.442Z] <<< [apiv2][status] GET https://api.github.com/repos//actions/secrets/public-key 404
[debug] [2022-12-11T20:03:45.442Z] <<< [apiv2][body] GET https://api.github.com/repos//actions/secrets/public-key {"message":"Not Found","documentation_url":"https://docs.github.com/rest"}
